0 info it worked if it ends with ok
1 verbose cli [ '/usr/bin/node',
1 verbose cli   '/usr/bin/npm',
1 verbose cli   'install',
1 verbose cli   'mongodb',
1 verbose cli   'cors',
1 verbose cli   'express',
1 verbose cli   'body-parser',
1 verbose cli   'file:~/cs544/lib544' ]
2 info using npm@3.5.2
3 info using node@v8.10.0
4 silly loadCurrentTree Starting
5 silly install loadCurrentTree
6 silly install readLocalPackageData
7 silly fetchPackageMetaData mongodb
8 silly fetchPackageMetaData cors
9 silly fetchPackageMetaData express
10 silly fetchPackageMetaData body-parser
11 silly fetchPackageMetaData file:~/cs544/lib544
12 silly fetchNamedPackageData mongodb
13 silly mapToRegistry name mongodb
14 silly mapToRegistry using default registry
15 silly mapToRegistry registry https://registry.npmjs.org/
16 silly mapToRegistry uri https://registry.npmjs.org/mongodb
17 silly fetchNamedPackageData cors
18 silly mapToRegistry name cors
19 silly mapToRegistry using default registry
20 silly mapToRegistry registry https://registry.npmjs.org/
21 silly mapToRegistry uri https://registry.npmjs.org/cors
22 silly fetchNamedPackageData express
23 silly mapToRegistry name express
24 silly mapToRegistry using default registry
25 silly mapToRegistry registry https://registry.npmjs.org/
26 silly mapToRegistry uri https://registry.npmjs.org/express
27 silly fetchNamedPackageData body-parser
28 silly mapToRegistry name body-parser
29 silly mapToRegistry using default registry
30 silly mapToRegistry registry https://registry.npmjs.org/
31 silly mapToRegistry uri https://registry.npmjs.org/body-parser
32 silly fetchOtherPackageData file:~/cs544/lib544
33 silly cache add args [ 'file:~/cs544/lib544', null ]
34 verbose cache add spec file:~/cs544/lib544
35 verbose request uri https://registry.npmjs.org/cors
36 verbose request no auth needed
37 info attempt registry request try #1 at 10:20:22 PM
38 verbose request id 20a0ea9fc57eac1f
39 http request GET https://registry.npmjs.org/cors
40 verbose request uri https://registry.npmjs.org/express
41 verbose request no auth needed
42 info attempt registry request try #1 at 10:20:22 PM
43 http request GET https://registry.npmjs.org/express
44 verbose request uri https://registry.npmjs.org/body-parser
45 verbose request no auth needed
46 info attempt registry request try #1 at 10:20:22 PM
47 http request GET https://registry.npmjs.org/body-parser
48 silly cache add parsed spec Result {
48 silly cache add   raw: 'file:~/cs544/lib544',
48 silly cache add   scope: null,
48 silly cache add   name: null,
48 silly cache add   rawSpec: 'file:~/cs544/lib544',
48 silly cache add   spec: '/home/connor/Documents/SPRING_2019/cs544/git-repos/i544/work/prj3-sol/~/cs544/lib544',
48 silly cache add   type: 'local' }
49 error addLocal Could not install /home/connor/Documents/SPRING_2019/cs544/git-repos/i544/work/prj3-sol/~/cs544/lib544
50 silly fetchPackageMetaData Error: ENOENT: no such file or directory, open '/home/connor/Documents/SPRING_2019/cs544/git-repos/i544/work/prj3-sol/~/cs544/lib544'
50 silly fetchPackageMetaData  error for file:~/cs544/lib544 { Error: ENOENT: no such file or directory, open '/home/connor/Documents/SPRING_2019/cs544/git-repos/i544/work/prj3-sol/~/cs544/lib544'
50 silly fetchPackageMetaData   errno: -2,
50 silly fetchPackageMetaData   code: 'ENOENT',
50 silly fetchPackageMetaData   syscall: 'open',
50 silly fetchPackageMetaData   path: '/home/connor/Documents/SPRING_2019/cs544/git-repos/i544/work/prj3-sol/~/cs544/lib544' }
51 verbose request uri https://registry.npmjs.org/mongodb
52 verbose request no auth needed
53 info attempt registry request try #1 at 10:20:22 PM
54 verbose etag W/"59bd51e801f55116070f4418ab6b5a94"
55 verbose lastModified Fri, 22 Mar 2019 21:36:04 GMT
56 http request GET https://registry.npmjs.org/mongodb
57 http 304 https://registry.npmjs.org/mongodb
58 verbose headers { date: 'Wed, 03 Apr 2019 02:20:22 GMT',
58 verbose headers   connection: 'keep-alive',
58 verbose headers   'set-cookie':
58 verbose headers    [ '__cfduid=de383085b01668903cff351b1e17dc9dd1554258022; expires=Thu, 02-Apr-20 02:20:22 GMT; path=/; domain=.registry.npmjs.org; HttpOnly' ],
58 verbose headers   'cf-cache-status': 'HIT',
58 verbose headers   'cache-control': 'max-age=300',
58 verbose headers   'cf-ray': '4c17901fec4d257f-ORD',
58 verbose headers   etag: '"59bd51e801f55116070f4418ab6b5a94"',
58 verbose headers   'expect-ct': 'max-age=604800, report-uri="https://report-uri.cloudflare.com/cdn-cgi/beacon/expect-ct"',
58 verbose headers   'last-modified': 'Fri, 22 Mar 2019 21:36:04 GMT',
58 verbose headers   vary: 'accept-encoding, accept',
58 verbose headers   'x-amz-meta-rev': '1828-1f1f6e3501100f26335b3cfc7f3d4142',
58 verbose headers   server: 'cloudflare' }
59 silly get cb [ 304,
59 silly get   { date: 'Wed, 03 Apr 2019 02:20:22 GMT',
59 silly get     connection: 'keep-alive',
59 silly get     'set-cookie':
59 silly get      [ '__cfduid=de383085b01668903cff351b1e17dc9dd1554258022; expires=Thu, 02-Apr-20 02:20:22 GMT; path=/; domain=.registry.npmjs.org; HttpOnly' ],
59 silly get     'cf-cache-status': 'HIT',
59 silly get     'cache-control': 'max-age=300',
59 silly get     'cf-ray': '4c17901fec4d257f-ORD',
59 silly get     etag: '"59bd51e801f55116070f4418ab6b5a94"',
59 silly get     'expect-ct': 'max-age=604800, report-uri="https://report-uri.cloudflare.com/cdn-cgi/beacon/expect-ct"',
59 silly get     'last-modified': 'Fri, 22 Mar 2019 21:36:04 GMT',
59 silly get     vary: 'accept-encoding, accept',
59 silly get     'x-amz-meta-rev': '1828-1f1f6e3501100f26335b3cfc7f3d4142',
59 silly get     server: 'cloudflare' } ]
60 verbose etag https://registry.npmjs.org/mongodb from cache
61 verbose get saving mongodb to /home/connor/.npm/registry.npmjs.org/mongodb/.cache.json
62 http 200 https://registry.npmjs.org/cors
63 verbose headers { date: 'Wed, 03 Apr 2019 02:20:22 GMT',
63 verbose headers   'content-type': 'application/json',
63 verbose headers   'transfer-encoding': 'chunked',
63 verbose headers   connection: 'keep-alive',
63 verbose headers   'set-cookie':
63 verbose headers    [ '__cfduid=d4f5382d148acc3400a37ee53e246411c1554258022; expires=Thu, 02-Apr-20 02:20:22 GMT; path=/; domain=.registry.npmjs.org; HttpOnly' ],
63 verbose headers   'cf-cache-status': 'HIT',
63 verbose headers   'cache-control': 'max-age=300',
63 verbose headers   'cf-ray': '4c17901ff9822531-ORD',
63 verbose headers   etag: 'W/"a8f9985ebf311347519efb088f1b0149"',
63 verbose headers   'expect-ct': 'max-age=604800, report-uri="https://report-uri.cloudflare.com/cdn-cgi/beacon/expect-ct"',
63 verbose headers   'last-modified': 'Tue, 01 Jan 2019 16:33:14 GMT',
63 verbose headers   vary: 'accept-encoding, accept',
63 verbose headers   'x-amz-meta-rev': '363-aa409d7f82da65ca7e2ecb137997e2c1',
63 verbose headers   server: 'cloudflare',
63 verbose headers   'content-encoding': 'gzip' }
64 silly get cb [ 200,
64 silly get   { date: 'Wed, 03 Apr 2019 02:20:22 GMT',
64 silly get     'content-type': 'application/json',
64 silly get     'transfer-encoding': 'chunked',
64 silly get     connection: 'keep-alive',
64 silly get     'set-cookie':
64 silly get      [ '__cfduid=d4f5382d148acc3400a37ee53e246411c1554258022; expires=Thu, 02-Apr-20 02:20:22 GMT; path=/; domain=.registry.npmjs.org; HttpOnly' ],
64 silly get     'cf-cache-status': 'HIT',
64 silly get     'cache-control': 'max-age=300',
64 silly get     'cf-ray': '4c17901ff9822531-ORD',
64 silly get     etag: 'W/"a8f9985ebf311347519efb088f1b0149"',
64 silly get     'expect-ct': 'max-age=604800, report-uri="https://report-uri.cloudflare.com/cdn-cgi/beacon/expect-ct"',
64 silly get     'last-modified': 'Tue, 01 Jan 2019 16:33:14 GMT',
64 silly get     vary: 'accept-encoding, accept',
64 silly get     'x-amz-meta-rev': '363-aa409d7f82da65ca7e2ecb137997e2c1',
64 silly get     server: 'cloudflare',
64 silly get     'content-encoding': 'gzip' } ]
65 verbose get saving cors to /home/connor/.npm/registry.npmjs.org/cors/.cache.json
66 http 200 https://registry.npmjs.org/body-parser
67 verbose headers { date: 'Wed, 03 Apr 2019 02:20:22 GMT',
67 verbose headers   'content-type': 'application/json',
67 verbose headers   'transfer-encoding': 'chunked',
67 verbose headers   connection: 'keep-alive',
67 verbose headers   'set-cookie':
67 verbose headers    [ '__cfduid=d226a7e7318f2deb3a88cee64bd6e873a1554258022; expires=Thu, 02-Apr-20 02:20:22 GMT; path=/; domain=.registry.npmjs.org; HttpOnly' ],
67 verbose headers   'cf-cache-status': 'HIT',
67 verbose headers   'cache-control': 'max-age=300',
67 verbose headers   'cf-ray': '4c17901fecae5576-ORD',
67 verbose headers   etag: 'W/"e0598ee49f5ed3ff57527207ccebbdbf"',
67 verbose headers   'expect-ct': 'max-age=604800, report-uri="https://report-uri.cloudflare.com/cdn-cgi/beacon/expect-ct"',
67 verbose headers   'last-modified': 'Sun, 10 Mar 2019 10:48:31 GMT',
67 verbose headers   vary: 'accept-encoding, accept',
67 verbose headers   'x-amz-meta-rev': '794-3a6ca8c9513d79156a393620033de827',
67 verbose headers   server: 'cloudflare',
67 verbose headers   'content-encoding': 'gzip' }
68 silly get cb [ 200,
68 silly get   { date: 'Wed, 03 Apr 2019 02:20:22 GMT',
68 silly get     'content-type': 'application/json',
68 silly get     'transfer-encoding': 'chunked',
68 silly get     connection: 'keep-alive',
68 silly get     'set-cookie':
68 silly get      [ '__cfduid=d226a7e7318f2deb3a88cee64bd6e873a1554258022; expires=Thu, 02-Apr-20 02:20:22 GMT; path=/; domain=.registry.npmjs.org; HttpOnly' ],
68 silly get     'cf-cache-status': 'HIT',
68 silly get     'cache-control': 'max-age=300',
68 silly get     'cf-ray': '4c17901fecae5576-ORD',
68 silly get     etag: 'W/"e0598ee49f5ed3ff57527207ccebbdbf"',
68 silly get     'expect-ct': 'max-age=604800, report-uri="https://report-uri.cloudflare.com/cdn-cgi/beacon/expect-ct"',
68 silly get     'last-modified': 'Sun, 10 Mar 2019 10:48:31 GMT',
68 silly get     vary: 'accept-encoding, accept',
68 silly get     'x-amz-meta-rev': '794-3a6ca8c9513d79156a393620033de827',
68 silly get     server: 'cloudflare',
68 silly get     'content-encoding': 'gzip' } ]
69 verbose get saving body-parser to /home/connor/.npm/registry.npmjs.org/body-parser/.cache.json
70 http 200 https://registry.npmjs.org/express
71 verbose headers { date: 'Wed, 03 Apr 2019 02:20:22 GMT',
71 verbose headers   'content-type': 'application/json',
71 verbose headers   'transfer-encoding': 'chunked',
71 verbose headers   connection: 'keep-alive',
71 verbose headers   'set-cookie':
71 verbose headers    [ '__cfduid=d89ea6485fad543fbcf17613cc7d5f2901554258022; expires=Thu, 02-Apr-20 02:20:22 GMT; path=/; domain=.registry.npmjs.org; HttpOnly' ],
71 verbose headers   'cf-cache-status': 'HIT',
71 verbose headers   'cache-control': 'max-age=300',
71 verbose headers   'cf-ray': '4c1790200e3b253d-ORD',
71 verbose headers   etag: 'W/"b21f0a004957d357c25edb2adece745c"',
71 verbose headers   'expect-ct': 'max-age=604800, report-uri="https://report-uri.cloudflare.com/cdn-cgi/beacon/expect-ct"',
71 verbose headers   'last-modified': 'Sun, 10 Mar 2019 10:48:41 GMT',
71 verbose headers   vary: 'accept-encoding, accept',
71 verbose headers   'x-amz-meta-rev': '3882-a780548630e057df42957c3133cafc6b',
71 verbose headers   server: 'cloudflare',
71 verbose headers   'content-encoding': 'gzip' }
72 silly get cb [ 200,
72 silly get   { date: 'Wed, 03 Apr 2019 02:20:22 GMT',
72 silly get     'content-type': 'application/json',
72 silly get     'transfer-encoding': 'chunked',
72 silly get     connection: 'keep-alive',
72 silly get     'set-cookie':
72 silly get      [ '__cfduid=d89ea6485fad543fbcf17613cc7d5f2901554258022; expires=Thu, 02-Apr-20 02:20:22 GMT; path=/; domain=.registry.npmjs.org; HttpOnly' ],
72 silly get     'cf-cache-status': 'HIT',
72 silly get     'cache-control': 'max-age=300',
72 silly get     'cf-ray': '4c1790200e3b253d-ORD',
72 silly get     etag: 'W/"b21f0a004957d357c25edb2adece745c"',
72 silly get     'expect-ct': 'max-age=604800, report-uri="https://report-uri.cloudflare.com/cdn-cgi/beacon/expect-ct"',
72 silly get     'last-modified': 'Sun, 10 Mar 2019 10:48:41 GMT',
72 silly get     vary: 'accept-encoding, accept',
72 silly get     'x-amz-meta-rev': '3882-a780548630e057df42957c3133cafc6b',
72 silly get     server: 'cloudflare',
72 silly get     'content-encoding': 'gzip' } ]
73 verbose get saving express to /home/connor/.npm/registry.npmjs.org/express/.cache.json
74 silly rollbackFailedOptional Starting
75 silly rollbackFailedOptional Finishing
76 silly runTopLevelLifecycles Starting
77 silly runTopLevelLifecycles Finishing
78 silly install printInstalled
79 verbose stack Error: ENOENT: no such file or directory, open '/home/connor/Documents/SPRING_2019/cs544/git-repos/i544/work/prj3-sol/~/cs544/lib544'
80 verbose cwd /home/connor/Documents/SPRING_2019/cs544/git-repos/i544/work/prj3-sol
81 error Linux 4.15.0-46-generic
82 error argv "/usr/bin/node" "/usr/bin/npm" "install" "mongodb" "cors" "express" "body-parser" "file:~/cs544/lib544"
83 error node v8.10.0
84 error npm  v3.5.2
85 error path /home/connor/Documents/SPRING_2019/cs544/git-repos/i544/work/prj3-sol/~/cs544/lib544
86 error code ENOENT
87 error errno -2
88 error syscall open
89 error enoent ENOENT: no such file or directory, open '/home/connor/Documents/SPRING_2019/cs544/git-repos/i544/work/prj3-sol/~/cs544/lib544'
90 error enoent ENOENT: no such file or directory, open '/home/connor/Documents/SPRING_2019/cs544/git-repos/i544/work/prj3-sol/~/cs544/lib544'
90 error enoent This is most likely not a problem with npm itself
90 error enoent and is related to npm not being able to find a file.
91 verbose exit [ -2, true ]
